#
# There is insufficient memory for the Java Runtime Environment to continue.
# Native memory allocation (malloc) failed to allocate 1048576 bytes for AllocateHeap
# Possible reasons:
#   The system is out of physical RAM or swap space
#   In 32 bit mode, the process size limit was hit
# Possible solutions:
#   Reduce memory load on the system
#   Increase physical memory or swap space
#   Check if swap backing store is full
#   Use 64 bit Java on a 64 bit OS
#   Decrease Java heap size (-Xmx/-Xms)
#   Decrease number of Java threads
#   Decrease Java thread stack sizes (-Xss)
#   Set larger code cache with -XX:ReservedCodeCacheSize=
# This output file may be truncated or incomplete.
#
#  Out of Memory Error (memory/allocation.inline.hpp:61), pid=3828, tid=0x00000000000027e0
#
# JRE version:  (8.0_161-b12) (build )
# Java VM: Java HotSpot(TM) 64-Bit Server VM (25.161-b12 mixed mode windows-amd64 compressed oops)
# Failed to write core dump. Minidumps are not enabled by default on client versions of Windows
#

---------------  T H R E A D  ---------------

Current thread (0x000000000479d800):  JavaThread "Unknown thread" [_thread_in_vm, id=10208, stack(0x0000000004630000,0x0000000004730000)]

Stack: [0x0000000004630000,0x0000000004730000]
[error occurred during error reporting (printing stack bounds), id 0xc0000005]

Native frames: (J=compiled Java code, j=interpreted, Vv=VM code, C=native code)


---------------  P R O C E S S  ---------------

Java Threads: ( => current thread )

Other Threads:

=>0x000000000479d800 (exited) JavaThread "Unknown thread" [_thread_in_vm, id=10208, stack(0x0000000004630000,0x0000000004730000)]

VM state:not at safepoint (normal execution)

VM Mutex/Monitor currently owned by a thread: None

Heap:
 PSYoungGen      total 38400K, used 665K [0x00000000d5f00000, 0x00000000d8980000, 0x0000000100000000)
  eden space 33280K, 2% used [0x00000000d5f00000,0x00000000d5fa6670,0x00000000d7f80000)
  from space 5120K, 0% used [0x00000000d8480000,0x00000000d8480000,0x00000000d8980000)
  to   space 5120K, 0% used [0x00000000d7f80000,0x00000000d7f80000,0x00000000d8480000)
 ParOldGen       total 87552K, used 0K [0x0000000081c00000, 0x0000000087180000, 0x00000000d5f00000)
  object space 87552K, 0% used [0x0000000081c00000,0x0000000081c00000,0x0000000087180000)
 Metaspace       used 770K, capacity 4480K, committed 4480K, reserved 1056768K
  class space    used 75K, capacity 384K, committed 384K, reserved 1048576K

Card table byte_map: [0x0000000013c90000,0x0000000014090000] byte_map_base: 0x0000000013882000

Marking Bits: (ParMarkBitMap*) 0x00000000637bf860
 Begin Bits: [0x0000000014740000, 0x00000000166d0000)
 End Bits:   [0x00000000166d0000, 0x0000000018660000)

Polling page: 0x0000000004730000

CodeCache: size=245760Kb used=328Kb max_used=328Kb free=245431Kb
 bounds [0x00000000048d0000, 0x0000000004b40000, 0x00000000138d0000]
 total_blobs=58 nmethods=0 adapters=38
 compilation: enabled

Compilation events (0 events):
No events

GC Heap History (0 events):
No events

Deoptimization events (0 events):
No events

Classes redefined (0 events):
No events

Internal exceptions (0 events):
No events

Events (10 events):
Event: 0.044 loading class java/lang/Short
Event: 0.044 loading class java/lang/Short done
Event: 0.044 loading class java/lang/Integer
Event: 0.044 loading class java/lang/Integer done
Event: 0.044 loading class java/lang/Long
Event: 0.044 loading class java/lang/Long done
Event: 0.045 loading class java/lang/NullPointerException
Event: 0.045 loading class java/lang/NullPointerException done
Event: 0.045 loading class java/lang/ArithmeticException
Event: 0.045 loading class java/lang/ArithmeticException done


Dynamic libraries:
0x00007ff783ee0000 - 0x00007ff783f17000 	C:\Program Files\Java\jdk1.8.0_161\bin\java.exe
0x00007ffb7e7b0000 - 0x00007ffb7e990000 	C:\WINDOWS\SYSTEM32\ntdll.dll
0x00007ffb7dd50000 - 0x00007ffb7ddfe000 	C:\WINDOWS\System32\KERNEL32.DLL
0x00007ffb7abb0000 - 0x00007ffb7ae16000 	C:\WINDOWS\System32\KERNELBASE.dll
0x00007ffb7e480000 - 0x00007ffb7e521000 	C:\WINDOWS\System32\ADVAPI32.dll
0x00007ffb7e3d0000 - 0x00007ffb7e46d000 	C:\WINDOWS\System32\msvcrt.dll
0x00007ffb7c4d0000 - 0x00007ffb7c52b000 	C:\WINDOWS\System32\sechost.dll
0x00007ffb7e650000 - 0x00007ffb7e76f000 	C:\WINDOWS\System32\RPCRT4.dll
0x00007ffb7de00000 - 0x00007ffb7df8f000 	C:\WINDOWS\System32\USER32.dll
0x00007ffb7bc60000 - 0x00007ffb7bc80000 	C:\WINDOWS\System32\win32u.dll
0x00007ffb7df90000 - 0x00007ffb7dfb8000 	C:\WINDOWS\System32\GDI32.dll
0x00007ffb7b950000 - 0x00007ffb7bae3000 	C:\WINDOWS\System32\gdi32full.dll
0x00007ffb7bb70000 - 0x00007ffb7bc0b000 	C:\WINDOWS\System32\msvcp_win.dll
0x00007ffb7ae20000 - 0x00007ffb7af16000 	C:\WINDOWS\System32\ucrtbase.dll
0x00007ffb61ec0000 - 0x00007ffb62129000 	C:\WINDOWS\WinSxS\amd64_microsoft.windows.common-controls_6595b64144ccf1df_6.0.16299.371_none_15c7d1789365a290\COMCTL32.dll
0x00007ffb7da40000 - 0x00007ffb7dd48000 	C:\WINDOWS\System32\combase.dll
0x00007ffb7baf0000 - 0x00007ffb7bb62000 	C:\WINDOWS\System32\bcryptPrimitives.dll
0x00007ffb7bcf0000 - 0x00007ffb7bd1d000 	C:\WINDOWS\System32\IMM32.DLL
0x0000000062ec0000 - 0x0000000062f92000 	C:\Program Files\Java\jdk1.8.0_161\jre\bin\msvcr100.dll
0x0000000062fa0000 - 0x000000006383f000 	C:\Program Files\Java\jdk1.8.0_161\jre\bin\server\jvm.dll
0x00007ffb7e470000 - 0x00007ffb7e478000 	C:\WINDOWS\System32\PSAPI.DLL
0x00007ffb696f0000 - 0x00007ffb696f9000 	C:\WINDOWS\SYSTEM32\WSOCK32.dll
0x00007ffb6df80000 - 0x00007ffb6dfa3000 	C:\WINDOWS\SYSTEM32\WINMM.dll
0x00007ffb7e530000 - 0x00007ffb7e59c000 	C:\WINDOWS\System32\WS2_32.dll
0x00007ffb725f0000 - 0x00007ffb725fa000 	C:\WINDOWS\SYSTEM32\VERSION.dll
0x00007ffb6df50000 - 0x00007ffb6df7a000 	C:\WINDOWS\SYSTEM32\WINMMBASE.dll
0x00007ffb7bc10000 - 0x00007ffb7bc5a000 	C:\WINDOWS\System32\cfgmgr32.dll
0x0000000062e70000 - 0x0000000062e7f000 	C:\Program Files\Java\jdk1.8.0_161\jre\bin\verify.dll
0x0000000062e40000 - 0x0000000062e69000 	C:\Program Files\Java\jdk1.8.0_161\jre\bin\java.dll
0x0000000062e20000 - 0x0000000062e36000 	C:\Program Files\Java\jdk1.8.0_161\jre\bin\zip.dll

VM Arguments:
jvm_args: -Dfile.encoding=UTF-8 
java_command: TCPClientWithProtocol.Client
java_class_path (initial): C:\Users\fstoltz\Resources\gitRepos\gittest\Natverksprogg\build\classes
Launcher Type: SUN_STANDARD

Environment Variables:
PATH=C:\ProgramData\Oracle\Java\javapath;C:\WINDOWS\system32;C:\WINDOWS;C:\WINDOWS\System32\Wbem;C:\WINDOWS\System32\WindowsPowerShell\v1.0\;C:\Program Files\PuTTY\;C:\Program Files\nodejs\;C:\Program Files\MySQL\MySQL Utilities 1.6\;C:\Program Files\Git\cmd;C:\Program Files (x86)\Lenovo\Access Connections\;C:\Users\fstoltz\AppData\Local\Programs\Python\Python36-32\Scripts\;C:\Users\fstoltz\AppData\Local\Programs\Python\Python36-32\;C:\Users\fstoltz\AppData\Roaming\npm;C:\Program Files\Microsoft VS Code\bin;C:\Users\fstoltz\AppData\Local\Microsoft\WindowsApps;C:\MinGW\msys\1.0\bin;C:\MinGW\bin;C:\MinGW\curl-7.59.0\src;C:\Program Files\Java\jdk1.8.0_161\bin;C:\Program Files (x86)\Nmap
USERNAME=fstoltz
OS=Windows_NT
PROCESSOR_IDENTIFIER=Intel64 Family 6 Model 42 Stepping 7, GenuineIntel



---------------  S Y S T E M  ---------------

OS: Windows 10.0 , 64 bit Build 16299 (10.0.16299.15)

CPU:total 4 (initial active 4) (2 cores per cpu, 2 threads per core) family 6 model 42 stepping 7, cmov, cx8, fxsr, mmx, sse, sse2, sse3, ssse3, sse4.1, sse4.2, popcnt, avx, aes, clmul, ht, tsc, tscinvbit

Memory: 4k page, physical 8268012k(2434356k free), swap 23730484k(5488k free)

vm_info: Java HotSpot(TM) 64-Bit Server VM (25.161-b12) for windows-amd64 JRE (1.8.0_161-b12), built on Dec 19 2017 17:52:25 by "java_re" with MS VC++ 10.0 (VS2010)

time: Wed Apr 11 14:57:06 2018
elapsed time: 0 seconds (0d 0h 0m 0s)

